2017-04-17 05:18:10 PM : ['http://weibo.cn/comment/ED7NhcYhD?uid=1844617613&rl=0&vt=4#cmtfrm', 'http://weibo.cn/comment/EEWeYoETf?uid=1844617613&rl=0&vt=4#cmtfrm', 'http://weibo.cn/comment/EEW5dsJQq?uid=1844617613&rl=0&vt=4#cmtfrm', 'http://weibo.cn/comment/EEVTQper0?uid=1844617613&rl=0&vt=4#cmtfrm']
2017-04-17 05:18:13 PM : Starting new HTTP connection (1): weibo.cn
2017-04-17 05:18:13 PM : "GET /comment/ED7NhcYhD?uid=1844617613&rl=0&2017-04-17 05:18:13 PM : "GET /2017-04-17 05:18:14 PM : Resetting dropped connection: weibo.cn
2017-04-17 05:18:14 PM : "GET /comment/ED7NhcYhD?uid=1844617613&rl=0&vt=4 2017-04-17 05:18:15 PM : Resetting dropped connection: weibo.cn
2017-04-17 05:18:16 PM : "GET /comment/EEPBJvPGv?uid=1844617613&rl=0&vt=4&page=2 HTTP/1.1" 200 2854
2017-04-17 05:18:16 PM : Resetting dropped connection: weibo.cn
2017-04-17 05:18:17 PM : "GET /comment/EEPBJvPGv?uid=1844617613&rl=0&vt=4 HTTP/1.1" 200 4169
2017-04-17 05:18:18 PM : Resetting dropped connection: weibo.cn
2017-04-17 05:18:18 PM : "GET /comment/EEPzAwkh7?uid=1844617613&rl=0&vt=4&page=1 HTTP/1.1" 200 2448
2017-04-17 05:18:18 PM : Resetting dropped connection: weibo.cn
2017-04-17 05:18:19 PM : "GET /comment/EEPzAwkh7?uid=1844617613&rl=0&vt=4 HTTP/1.1" 200 2443
2017-04-17 05:18:21 PM : Resetting dropped connection: weibo.cn
2017-04-17 05:18:22 PM : "GET /comment/EEPqLi9Zk?uid=1844617613&rl=0&vt=4&page=1 HTTP/1.1" 200 2572
2017-04-17 05:18:23 PM : Resetting dropped connection: weibo.cn
2017-04-17 05:18:23 PM : "GET /comment/EEPqLi9Zk?uid=1844617613&rl=0&vt=4 HTTP/1.1" 200 2567
2017-04-17 05:18:25 PM : Resetting dropped connection: weibo.cn
2017-04-17 05:18:25 PM : "GET /comment/EEPpWaCVT?uid=1844617613&rl=0&vt=4&page=1 HTTP/1.1" 200 2406
2017-04-17 05:18:25 PM : Resetting dropped connection: weibo.cn
2017-04-17 05:18:26 PM : "GET /comment/EEPpWaCVT?uid=1844617613&rl=0&vt=4 HTTP/1.1" 200 2404
2017-04-17 05:18:28 PM : Resetting dropped connection: weibo.cn
2017-04-17 05:18:28 PM : "GET /comment/EEPp6rrub?uid=1844617613&rl=0&vt=4&page=1 HTTP/1.1" 200 3704
2017-04-17 05:18:30 PM : Resetting dropped connection: weibo.cn
2017-04-17 05:18:32 PM : "GET /comment/EEPp6rrub?uid=1844617613&rl=0&vt=4&page=2 HTTP/1.1" 200 2386
2017-04-17 05:18:32 PM : Resetting dropped connection: weibo.cn
2017-04-17 05:18:32 PM : "GET /comment/EEPp6rrub?uid=1844617613&rl=0&vt=4 HTTP/1.1" 200 3784
2017-04-17 05:18:33 PM : Resetting dropped connection: weibo.cn
2017-04-17 05:18:33 PM : "GET /comment/EEPodcO8z?uid=1844617613&rl=0&vt=4&page=1 HTTP/1.1" 200 2339
2017-04-17 05:18:34 PM : Resetting dropped connection: weibo.cn
2017-04-17 05:18:34 PM : "GET /comment/EEPodcO8z?uid=1844617613&rl=0&vt=4 HTTP/1.1" 200 2339
617613&rl=0&vt=4&page=1 HTTP/1.1" 200 2378
2017-04-17 05:18:29 PM : Resetting dropped connection: weibo.cn
2017-04-17 05:18:29 PM : "GET /comment/EEPNzxPqj?uid=1844617613&rl=0&vt=4 HTTP/1.1" 200 2153
2017-04-17 05:18:31 PM : Resetting dropped connection: weibo.cn
2017-04-17 05:18:32 PM : "GET /comment/EEPL2AH3I?uid=1844617613&rl=0&vt=4&page=1 HTTP/1.1" 200 2282
2017-04-17 05:18:32 PM : Resetting dropped connection: weibo.cn
2017-04-17 05:18:32 PM : "GET /comment/EEPL2AH3I?uid=1844617613&rl=0&vt=4 HTTP/1.1" 200 2279
2017-04-17 05:18:34 PM : Resetting dropped connection: weibo.cn
2017-04-17 05:18:34 PM : "GET /comment/EEQCL6mjT?uid=1844617613&rl=0&vt=4&page=1 HTTP/1.1" 200 2562
2017-04-17 05:18:34 PM : Resetting dropped connection: weibo.cn
2017-04-17 05:18:34 PM : "GET /comment/EEQCL6mjT?uid=1844617613&rl=0&vt=4 HTTP/1.1" 200 2560
